<?xml version="1.0" encoding="UTF-8"?>
<testng-results skipped="0" failed="0" ignored="0" total="4" passed="4">
  <reporter-output>
  </reporter-output>
  <suite name="Default suite" duration-ms="49380" started-at="2019-02-05T14:51:48Z" finished-at="2019-02-05T14:52:38Z">
    <groups>
    </groups>
    <test name="Default test" duration-ms="49380" started-at="2019-02-05T14:51:48Z" finished-at="2019-02-05T14:52:38Z">
      <class name="testcases.TC_001_ValidateLoginFunctionality">
        <test-method status="PASS" signature="initiateDriverInstance()[pri:0, instance:testcases.TC_001_ValidateLoginFunctionality@6093dd95]" name="initiateDriverInstance" is-config="true" duration-ms="9249" started-at="2019-02-05T14:51:50Z" finished-at="2019-02-05T14:51:59Z">
          <reporter-output>
          </reporter-output>
        </test-method> <!-- initiateDriverInstance -->
        <test-method status="PASS" signature="tc_001_login(java.lang.String, java.lang.String)[pri:0, instance:testcases.TC_001_ValidateLoginFunctionality@6093dd95]" name="tc_001_login" duration-ms="3560" started-at="2019-02-05T14:51:59Z" data-provider="Excel" finished-at="2019-02-05T14:52:02Z">
          <params>
            <param index="0">
              <value>
                <![CDATA[unam1]]>
              </value>
            </param>
            <param index="1">
              <value>
                <![CDATA[pass1]]>
              </value>
            </param>
          </params>
          <reporter-output>
          </reporter-output>
        </test-method> <!-- tc_001_login -->
        <test-method status="PASS" signature="closeDriverInstance()[pri:0, instance:testcases.TC_001_ValidateLoginFunctionality@6093dd95]" name="closeDriverInstance" is-config="true" duration-ms="1046" started-at="2019-02-05T14:52:02Z" finished-at="2019-02-05T14:52:03Z">
          <reporter-output>
          </reporter-output>
        </test-method> <!-- closeDriverInstance -->
        <test-method status="PASS" signature="initiateDriverInstance()[pri:0, instance:testcases.TC_001_ValidateLoginFunctionality@6093dd95]" name="initiateDriverInstance" is-config="true" duration-ms="7068" started-at="2019-02-05T14:52:03Z" finished-at="2019-02-05T14:52:10Z">
          <reporter-output>
          </reporter-output>
        </test-method> <!-- initiateDriverInstance -->
        <test-method status="PASS" signature="tc_001_login(java.lang.String, java.lang.String)[pri:0, instance:testcases.TC_001_ValidateLoginFunctionality@6093dd95]" name="tc_001_login" duration-ms="2974" started-at="2019-02-05T14:52:10Z" data-provider="Excel" finished-at="2019-02-05T14:52:13Z">
          <params>
            <param index="0">
              <value>
                <![CDATA[unam2]]>
              </value>
            </param>
            <param index="1">
              <value>
                <![CDATA[pass2]]>
              </value>
            </param>
          </params>
          <reporter-output>
          </reporter-output>
        </test-method> <!-- tc_001_login -->
        <test-method status="PASS" signature="closeDriverInstance()[pri:0, instance:testcases.TC_001_ValidateLoginFunctionality@6093dd95]" name="closeDriverInstance" is-config="true" duration-ms="872" started-at="2019-02-05T14:52:13Z" finished-at="2019-02-05T14:52:14Z">
          <reporter-output>
          </reporter-output>
        </test-method> <!-- closeDriverInstance -->
        <test-method status="PASS" signature="initiateDriverInstance()[pri:0, instance:testcases.TC_001_ValidateLoginFunctionality@6093dd95]" name="initiateDriverInstance" is-config="true" duration-ms="7055" started-at="2019-02-05T14:52:14Z" finished-at="2019-02-05T14:52:21Z">
          <reporter-output>
          </reporter-output>
        </test-method> <!-- initiateDriverInstance -->
        <test-method status="PASS" signature="tc_001_login(java.lang.String, java.lang.String)[pri:0, instance:testcases.TC_001_ValidateLoginFunctionality@6093dd95]" name="tc_001_login" duration-ms="2916" started-at="2019-02-05T14:52:21Z" data-provider="Excel" finished-at="2019-02-05T14:52:24Z">
          <params>
            <param index="0">
              <value>
                <![CDATA[unam3]]>
              </value>
            </param>
            <param index="1">
              <value>
                <![CDATA[pass3]]>
              </value>
            </param>
          </params>
          <reporter-output>
          </reporter-output>
        </test-method> <!-- tc_001_login -->
        <test-method status="PASS" signature="closeDriverInstance()[pri:0, instance:testcases.TC_001_ValidateLoginFunctionality@6093dd95]" name="closeDriverInstance" is-config="true" duration-ms="878" started-at="2019-02-05T14:52:24Z" finished-at="2019-02-05T14:52:25Z">
          <reporter-output>
          </reporter-output>
        </test-method> <!-- closeDriverInstance -->
        <test-method status="PASS" signature="initiateDriverInstance()[pri:0, instance:testcases.TC_001_ValidateLoginFunctionality@6093dd95]" name="initiateDriverInstance" is-config="true" duration-ms="8172" started-at="2019-02-05T14:52:25Z" finished-at="2019-02-05T14:52:33Z">
          <reporter-output>
          </reporter-output>
        </test-method> <!-- initiateDriverInstance -->
        <test-method status="PASS" signature="tc_001_login(java.lang.String, java.lang.String)[pri:0, instance:testcases.TC_001_ValidateLoginFunctionality@6093dd95]" name="tc_001_login" duration-ms="3633" started-at="2019-02-05T14:52:33Z" data-provider="Excel" finished-at="2019-02-05T14:52:37Z">
          <params>
            <param index="0">
              <value>
                <![CDATA[unam4]]>
              </value>
            </param>
            <param index="1">
              <value>
                <![CDATA[pass4]]>
              </value>
            </param>
          </params>
          <reporter-output>
          </reporter-output>
        </test-method> <!-- tc_001_login -->
        <test-method status="PASS" signature="closeDriverInstance()[pri:0, instance:testcases.TC_001_ValidateLoginFunctionality@6093dd95]" name="closeDriverInstance" is-config="true" duration-ms="873" started-at="2019-02-05T14:52:37Z" finished-at="2019-02-05T14:52:38Z">
          <reporter-output>
          </reporter-output>
        </test-method> <!-- closeDriverInstance -->
      </class> <!-- testcases.TC_001_ValidateLoginFunctionality -->
    </test> <!-- Default test -->
  </suite> <!-- Default suite -->
</testng-results>
