<?xml version="1.0" encoding="UTF-8"?>
<!-- Generated by org.testng.reporters.JUnitXMLReporter -->
<testsuite hostname="vnikolic" ignored="0" name="Default test" tests="4" failures="0" timestamp="05 Feb 2019 14:52:38 GMT" time="49.38" errors="0">
  <testcase name="tc_001_login" time="3.56" classname="testcases.TC_001_ValidateLoginFunctionality"/>
  <testcase name="tc_001_login" time="2.974" classname="testcases.TC_001_ValidateLoginFunctionality"/>
  <testcase name="tc_001_login" time="2.916" classname="testcases.TC_001_ValidateLoginFunctionality"/>
  <testcase name="tc_001_login" time="3.633" classname="testcases.TC_001_ValidateLoginFunctionality"/>
</testsuite> <!-- Default test -->
